pro.android/HBuilder-Hello/app/build/intermediates/manifest_merge_blame_file/release/manifest-merger-blame-release-report.txt
1<?xml version="1.0" encoding="utf-8"?>
2<manifest xmlns:android="http://schemas.android.com/apk/res/android"
3    package="com.zdbonanza.ysb"
4    android:versionCode="1"
5    android:versionName="1.0" >
6
7    <uses-sdk
8        android:minSdkVersion="19"
8-->src\main\AndroidManifest.xml
9        android:targetSdkVersion="26" />
9-->src\main\AndroidManifest.xml
10
11    <!-- Barcode(二维码)  begin -->
12    <uses-permission android:name="android.permission.CAMERA" />
12-->src\main\AndroidManifest.xml:7:5-65
12-->src\main\AndroidManifest.xml:7:22-62
13    <uses-permission android:name="android.permission.WRITE_EXTERNAL_STORAGE" />
13-->src\main\AndroidManifest.xml:8:5-81
13-->src\main\AndroidManifest.xml:8:22-78
14
15    <uses-feature android:name="android.hardware.camera" />
15-->src\main\AndroidManifest.xml:9:5-60
15-->src\main\AndroidManifest.xml:9:19-57
16    <uses-feature android:name="android.hardware.camera.autofocus" />
16-->src\main\AndroidManifest.xml:10:5-70
16-->src\main\AndroidManifest.xml:10:19-67
17
18    <uses-permission android:name="android.permission.VIBRATE" />
18-->src\main\AndroidManifest.xml:11:5-66
18-->src\main\AndroidManifest.xml:11:22-63
19    <uses-permission android:name="android.permission.FLASHLIGHT" />
19-->src\main\AndroidManifest.xml:12:5-69
19-->src\main\AndroidManifest.xml:12:22-66
20    <!-- Barcode(二维码)  end -->
21
22    <uses-permission android:name="android.permission.USE_FINGERPRINT" />
22-->src\main\AndroidManifest.xml:15:5-73
22-->src\main\AndroidManifest.xml:15:22-71
23
24    <!-- Maps(地图) begin -->
25    <!-- Maps - 百度地图 begin -->
26    <uses-permission android:name="android.permission.INTERNET" />
26-->src\main\AndroidManifest.xml:19:5-67
26-->src\main\AndroidManifest.xml:19:22-64
27    <uses-permission android:name="android.permission.WRITE_EXTERNAL_STORAGE" />
27-->src\main\AndroidManifest.xml:8:5-81
27-->src\main\AndroidManifest.xml:8:22-78
28    <uses-permission android:name="android.permission.ACCESS_COARSE_LOCATION" />
28-->src\main\AndroidManifest.xml:21:5-81
28-->src\main\AndroidManifest.xml:21:22-78
29    <uses-permission android:name="android.permission.ACCESS_FINE_LOCATION" />
29-->src\main\AndroidManifest.xml:22:5-79
29-->src\main\AndroidManifest.xml:22:22-76
30    <uses-permission android:name="android.permission.WRITE_SETTINGS" />
30-->src\main\AndroidManifest.xml:23:5-73
30-->src\main\AndroidManifest.xml:23:22-70
31    <uses-permission android:name="android.permission.ACCESS_NETWORK_STATE" />
31-->src\main\AndroidManifest.xml:24:5-79
31-->src\main\AndroidManifest.xml:24:22-76
32    <uses-permission android:name="android.permission.CHANGE_WIFI_STATE" />
32-->src\main\AndroidManifest.xml:25:5-76
32-->src\main\AndroidManifest.xml:25:22-73
33    <uses-permission android:name="android.permission.READ_PHONE_STATE" />
33-->src\main\AndroidManifest.xml:26:5-75
33-->src\main\AndroidManifest.xml:26:22-72
34    <uses-permission android:name="android.permission.MOUNT_UNMOUNT_FILESYSTEMS" />
34-->src\main\AndroidManifest.xml:27:5-84
34-->src\main\AndroidManifest.xml:27:22-81
35    <uses-permission android:name="android.permission.READ_LOGS" />
35-->src\main\AndroidManifest.xml:28:5-68
35-->src\main\AndroidManifest.xml:28:22-65
36    <!-- Maps(地图) end -->
37
38
39    <!-- Push(推送)只能选择一个推送组件 -->
40    <!-- Push(推送)-MKeyPush begin -->
41
42    <uses-permission android:name="android.permission.INTERNET" />
42-->src\main\AndroidManifest.xml:19:5-67
42-->src\main\AndroidManifest.xml:19:22-64
43    <uses-permission android:name="android.permission.ACCESS_WIFI_STATE" />
43-->src\main\AndroidManifest.xml:36:5-75
43-->src\main\AndroidManifest.xml:36:22-73
44    <uses-permission android:name="android.permission.ACCESS_NETWORK_STATE" />
44-->src\main\AndroidManifest.xml:24:5-79
44-->src\main\AndroidManifest.xml:24:22-76
45    <uses-permission android:name="android.permission.READ_PHONE_STATE" />
45-->src\main\AndroidManifest.xml:26:5-75
45-->src\main\AndroidManifest.xml:26:22-72
46
47    <!-- Push(推送)-MKeyPush  end -->
48
49
50    <!-- 小米推送 -->
51    <!--
52    <uses-permission android:name="android.permission.INTERNET"/>
53    <uses-permission android:name="android.permission.ACCESS_NETWORK_STATE"/>
54    <uses-permission android:name="android.permission.ACCESS_WIFI_STATE"/>
55    <uses-permission android:name="android.permission.READ_PHONE_STATE"/>
56    <uses-permission android:name="android.permission.GET_TASKS"/>
57    <uses-permission android:name="android.permission.VIBRATE"/>
58    <uses-permission android:name="android.permission.GET_TASKS"/>
59    <uses-permission android:name="android.permission.INTERACT_ACROSS_USERS_FULL"/>
60    <uses-permission android:name="android.permission.GET_TOP_ACTIVITY_INFO"/>
61    <uses-permission android:name="com.HBuilder.integrate.permission.MIPUSH_RECEIVE"/>
62    <permission android:name="com.HBuilder.integrate.permission.MIPUSH_RECEIVE" android:protectionLevel="signature"/>
63    -->
64    <!-- 小米推送 end -->
65
66
67    <!-- Push(推送)-个推  begin -->
68    <uses-permission android:name="android.permission.INTERNET" />
68-->src\main\AndroidManifest.xml:19:5-67
68-->src\main\AndroidManifest.xml:19:22-64
69    <uses-permission android:name="android.permission.READ_PHONE_STATE" />
69-->src\main\AndroidManifest.xml:26:5-75
69-->src\main\AndroidManifest.xml:26:22-72
70    <uses-permission android:name="android.permission.ACCESS_NETWORK_STATE" />
70-->src\main\AndroidManifest.xml:24:5-79
70-->src\main\AndroidManifest.xml:24:22-76
71    <uses-permission android:name="android.permission.WAKE_LOCK" />
71-->src\main\AndroidManifest.xml:64:5-68
71-->src\main\AndroidManifest.xml:64:22-65
72    <uses-permission android:name="android.permission.RECEIVE_BOOT_COMPLETED" />
72-->src\main\AndroidManifest.xml:65:5-81
72-->src\main\AndroidManifest.xml:65:22-78
73    <uses-permission android:name="android.permission.WRITE_EXTERNAL_STORAGE" />
73-->src\main\AndroidManifest.xml:8:5-81
73-->src\main\AndroidManifest.xml:8:22-78
74    <uses-permission android:name="android.permission.VIBRATE" />
74-->src\main\AndroidManifest.xml:11:5-66
74-->src\main\AndroidManifest.xml:11:22-63
75    <uses-permission android:name="android.permission.ACCESS_WIFI_STATE" />
75-->src\main\AndroidManifest.xml:36:5-75
75-->src\main\AndroidManifest.xml:36:22-73
76    <uses-permission android:name="android.permission.CALL_PHONE" />
76-->src\main\AndroidManifest.xml:69:5-69
76-->src\main\AndroidManifest.xml:69:22-66
77    <uses-permission android:name="getui.permission.GetuiService.com.HBuilder.integrate" />
77-->src\main\AndroidManifest.xml:70:5-92
77-->src\main\AndroidManifest.xml:70:22-89
78
79    <permission
79-->src\main\AndroidManifest.xml:72:5-74:44
80        android:name="getui.permission.GetuiService.com.HBuilder.integrate"
80-->src\main\AndroidManifest.xml:73:9-76
81        android:protectionLevel="normal" />
81-->src\main\AndroidManifest.xml:74:9-41
82    <!-- Push(推送)-个推    end -->
83
84
85    <!-- Share(分享)  begin -->
86    <!-- Share - 新浪微博分享 -->
87    <uses-permission android:name="android.permission.CHANGE_WIFI_STATE" />
87-->src\main\AndroidManifest.xml:25:5-76
87-->src\main\AndroidManifest.xml:25:22-73
88    <uses-permission android:name="android.permission.ACCESS_WIFI_STATE" />
88-->src\main\AndroidManifest.xml:36:5-75
88-->src\main\AndroidManifest.xml:36:22-73
89    <uses-permission android:name="android.permission.ACCESS_NETWORK_STATE" />
89-->src\main\AndroidManifest.xml:24:5-79
89-->src\main\AndroidManifest.xml:24:22-76
90    <!-- Share - 腾讯微博分享 -->
91    <uses-permission android:name="android.permission.ACCESS_NETWORK_STATE" />
91-->src\main\AndroidManifest.xml:24:5-79
91-->src\main\AndroidManifest.xml:24:22-76
92    <uses-permission android:name="android.permission.ACCESS_WIFI_STATE" />
92-->src\main\AndroidManifest.xml:36:5-75
92-->src\main\AndroidManifest.xml:36:22-73
93    <uses-permission android:name="android.permission.CHANGE_WIFI_STATE" />
93-->src\main\AndroidManifest.xml:25:5-76
93-->src\main\AndroidManifest.xml:25:22-73
94    <uses-permission android:name="android.permission.ACCESS_COARSE_LOCATION" />
94-->src\main\AndroidManifest.xml:21:5-81
94-->src\main\AndroidManifest.xml:21:22-78
95    <uses-permission android:name="android.permission.ACCESS_FINE_LOCATION" />
95-->src\main\AndroidManifest.xml:22:5-79
95-->src\main\AndroidManifest.xml:22:22-76
96    <uses-permission android:name="android.permission.ACCESS_MOCK_LOCATION" />
96-->src\main\AndroidManifest.xml:89:5-79
96-->src\main\AndroidManifest.xml:89:22-76
97    <!-- Share - 微信分享 -->
98    <uses-permission android:name="android.permission.MODIFY_AUDIO_SETTINGS" />
98-->src\main\AndroidManifest.xml:91:5-80
98-->src\main\AndroidManifest.xml:91:22-77
99    <!-- Push(推送)   end -->
100
101
102    <!-- Speech(语音识别)  begin -->
103    <!-- Speech - 讯飞语音云 -->
104    <uses-permission android:name="android.permission.INTERNET" />
104-->src\main\AndroidManifest.xml:19:5-67
104-->src\main\AndroidManifest.xml:19:22-64
105    <uses-permission android:name="android.permission.WRITE_EXTERNAL_STORAGE" />
105-->src\main\AndroidManifest.xml:8:5-81
105-->src\main\AndroidManifest.xml:8:22-78
106    <uses-permission android:name="android.permission.RECORD_AUDIO" />
106-->src\main\AndroidManifest.xml:99:5-71
106-->src\main\AndroidManifest.xml:99:22-68
107    <uses-permission android:name="android.permission.ACCESS_NETWORK_STATE" />
107-->src\main\AndroidManifest.xml:24:5-79
107-->src\main\AndroidManifest.xml:24:22-76
108    <uses-permission android:name="android.permission.ACCESS_WIFI_STATE" />
108-->src\main\AndroidManifest.xml:36:5-75
108-->src\main\AndroidManifest.xml:36:22-73
109    <uses-permission android:name="android.permission.CHANGE_NETWORK_STATE" />
109-->src\main\AndroidManifest.xml:102:5-79
109-->src\main\AndroidManifest.xml:102:22-76
110    <uses-permission android:name="android.permission.READ_PHONE_STATE" />
110-->src\main\AndroidManifest.xml:26:5-75
110-->src\main\AndroidManifest.xml:26:22-72
111    <!-- Speech(语音识别)  end -->
112
113
114    <!-- Statistic(统计)  begin -->
115    <!-- Statistic - 友盟统计 -->
116    <uses-permission android:name="android.permission.READ_LOGS" />
116-->src\main\AndroidManifest.xml:28:5-68
116-->src\main\AndroidManifest.xml:28:22-65
117    <uses-permission android:name="android.permission.RECEIVE_BOOT_COMPLETED" />
117-->src\main\AndroidManifest.xml:65:5-81
117-->src\main\AndroidManifest.xml:65:22-78
118    <uses-permission android:name="android.permission.RECEIVE_USER_PRESENT" />
118-->src\main\AndroidManifest.xml:111:5-79
118-->src\main\AndroidManifest.xml:111:22-76
119    <!-- Statistic(统计)  end -->
120
121
122    <!-- 小米分享 -->
123    <uses-permission android:name="com.xiaomi.permission.AUTH_SERVICE" />
123-->src\main\AndroidManifest.xml:115:5-74
123-->src\main\AndroidManifest.xml:115:22-71
124
125    <!-- 蓝牙 ibeacon权限 -->
126    <uses-permission android:name="android.permission.ACCESS_COARSE_LOCATION" />
126-->src\main\AndroidManifest.xml:21:5-81
126-->src\main\AndroidManifest.xml:21:22-78
127    <uses-permission android:name="android.permission.ACCESS_FINE_LOCATION" />
127-->src\main\AndroidManifest.xml:22:5-79
127-->src\main\AndroidManifest.xml:22:22-76
128    <uses-permission android:name="android.permission.BLUETOOTH_ADMIN" />
128-->src\main\AndroidManifest.xml:120:5-74
128-->src\main\AndroidManifest.xml:120:22-71
129    <uses-permission android:name="android.permission.BLUETOOTH" />
129-->src\main\AndroidManifest.xml:121:5-68
129-->src\main\AndroidManifest.xml:121:22-65
130
131    <!-- 基座删除的部分权限 -->
132    <uses-permission android:name="android.permission.GET_TASKS" />
132-->src\main\AndroidManifest.xml:124:5-68
132-->src\main\AndroidManifest.xml:124:22-65
133    <uses-permission android:name="android.permission.CHANGE_NETWORK_STATE" />
133-->src\main\AndroidManifest.xml:102:5-79
133-->src\main\AndroidManifest.xml:102:22-76
134    <uses-permission android:name="android.permission.READ_CONTACTS" />
134-->src\main\AndroidManifest.xml:126:5-72
134-->src\main\AndroidManifest.xml:126:22-69
135    <uses-permission android:name="android.permission.ACCESS_WIFI_STATE" />
135-->src\main\AndroidManifest.xml:36:5-75
135-->src\main\AndroidManifest.xml:36:22-73
136
137    <uses-feature android:name="android.hardware.camera.autofocus" />
137-->src\main\AndroidManifest.xml:10:5-70
137-->src\main\AndroidManifest.xml:10:19-67
138
139    <uses-permission android:name="android.permission.WRITE_CONTACTS" />
139-->src\main\AndroidManifest.xml:129:5-73
139-->src\main\AndroidManifest.xml:129:22-70
140    <uses-permission android:name="android.permission.CAMERA" />
140-->src\main\AndroidManifest.xml:7:5-65
140-->src\main\AndroidManifest.xml:7:22-62
141    <uses-permission android:name="android.permission.GET_ACCOUNTS" />
141-->src\main\AndroidManifest.xml:131:5-71
141-->src\main\AndroidManifest.xml:131:22-68
142    <uses-permission android:name="android.permission.RECORD_AUDIO" />
142-->src\main\AndroidManifest.xml:99:5-71
142-->src\main\AndroidManifest.xml:99:22-68
143    <uses-permission android:name="android.permission.SEND_SMS" />
143-->src\main\AndroidManifest.xml:133:5-67
143-->src\main\AndroidManifest.xml:133:22-64
144    <uses-permission android:name="android.permission.READ_PHONE_STATE" />
144-->src\main\AndroidManifest.xml:26:5-75
144-->src\main\AndroidManifest.xml:26:22-72
145    <uses-permission android:name="android.permission.FLASHLIGHT" />
145-->src\main\AndroidManifest.xml:12:5-69
145-->src\main\AndroidManifest.xml:12:22-66
146
147    <uses-feature android:name="android.hardware.camera" />
147-->src\main\AndroidManifest.xml:9:5-60
147-->src\main\AndroidManifest.xml:9:19-57
148
149    <uses-permission android:name="android.permission.WRITE_SMS" />
149-->src\main\AndroidManifest.xml:137:5-68
149-->src\main\AndroidManifest.xml:137:22-65
150    <uses-permission android:name="android.permission.READ_SMS" />
150-->src\main\AndroidManifest.xml:138:5-67
150-->src\main\AndroidManifest.xml:138:22-64
151
152    <supports-screens
152-->[alipaySdk-15.6.5-20190718211159-noUtdid.aar] AndroidManifest.xml:11:5-16:39
153        android:anyDensity="true"
153-->[alipaySdk-15.6.5-20190718211159-noUtdid.aar] AndroidManifest.xml:12:9-34
154        android:largeScreens="true"
154-->[alipaySdk-15.6.5-20190718211159-noUtdid.aar] AndroidManifest.xml:13:9-36
155        android:normalScreens="true"
155-->[alipaySdk-15.6.5-20190718211159-noUtdid.aar] AndroidManifest.xml:14:9-37
156        android:resizeable="true"
156-->[alipaySdk-15.6.5-20190718211159-noUtdid.aar] AndroidManifest.xml:15:9-34
157        android:smallScreens="true" />
157-->[alipaySdk-15.6.5-20190718211159-noUtdid.aar] AndroidManifest.xml:16:9-36
158
159    <uses-permission android:name="android.permission.READ_EXTERNAL_STORAGE" />
160    <!--
161    <uses-permission
162        android:name="com.android.launcher.permission.UNINSTALL_SHORTCUT" />
163    -->
164    <!-- 华为修改角标需要设置权限 -->
165    <uses-permission android:name="com.huawei.android.launcher.permission.CHANGE_BADGE" />
165-->[lib.5plus.base-release.aar] AndroidManifest.xml:24:5-91
165-->[lib.5plus.base-release.aar] AndroidManifest.xml:24:22-88
166
167    <application
167-->src\main\AndroidManifest.xml:140:5-542:19
168        android:name="io.dcloud.application.DCloudApplication"
168-->src\main\AndroidManifest.xml:141:9-63
169        android:allowClearUserData="true"
169-->src\main\AndroidManifest.xml:142:9-42
170        android:debuggable="true"
170-->src\main\AndroidManifest.xml:146:9-34
171        android:icon="@drawable/icon"
171-->src\main\AndroidManifest.xml:143:13-42
172        android:label="@string/app_name"
172-->src\main\AndroidManifest.xml:144:9-41
173        android:largeHeap="true"
173-->src\main\AndroidManifest.xml:145:9-33
174        android:supportsRtl="true"
174-->[lib.5plus.base-release.aar] AndroidManifest.xml:158:9-35
175        android:usesCleartextTraffic="true" >
175-->[lib.5plus.base-release.aar] AndroidManifest.xml:159:9-44
176        <activity
176-->src\main\AndroidManifest.xml:149:9-162:20
177            android:name="io.dcloud.PandoraEntry"
177-->src\main\AndroidManifest.xml:150:13-50
178            android:configChanges="orientation|keyboardHidden|keyboard|navigation"
178-->src\main\AndroidManifest.xml:151:13-83
179            android:hardwareAccelerated="true"
179-->src\main\AndroidManifest.xml:154:13-47
180            android:label="@string/app_name"
180-->src\main\AndroidManifest.xml:152:13-45
181            android:launchMode="singleTask"
181-->src\main\AndroidManifest.xml:153:13-44
182            android:screenOrientation="user"
182-->src\main\AndroidManifest.xml:156:13-45
183            android:theme="@style/TranslucentTheme"
183-->src\main\AndroidManifest.xml:155:13-52
184            android:windowSoftInputMode="adjustResize" >
184-->src\main\AndroidManifest.xml:157:13-55
185            <intent-filter>
185-->src\main\AndroidManifest.xml:158:13-161:29
186                <action android:name="android.intent.action.MAIN" />
186-->src\main\AndroidManifest.xml:159:17-69
186-->src\main\AndroidManifest.xml:159:25-66
187
188                <category android:name="android.intent.category.LAUNCHER" />
188-->src\main\AndroidManifest.xml:160:17-77
188-->src\main\AndroidManifest.xml:160:27-74
189            </intent-filter>
190        </activity>
191
192        <!-- Statistic(统计)-友盟统计 begin -->
193        <!-- 官方网站：http://www.umeng.com/analytics -->
194        <!-- meta-data节点android:name="UMENG_APPKEY"项中android:value值为友盟网站申请的APPKEY -->
195        <!-- meta-data节点android:name="UMENG_CHANNEL"项中android:value值为发行渠道标识，可任意取值，用于各种发行渠道效果统计 -->
196        <meta-data
196-->src\main\AndroidManifest.xml:168:9-170:56
197            android:name="UMENG_APPKEY"
197-->src\main\AndroidManifest.xml:169:13-40
198            android:value="55b1b625e0f55a138300449d" />
198-->src\main\AndroidManifest.xml:170:13-53
199        <meta-data
199-->src\main\AndroidManifest.xml:171:9-173:42
200            android:name="UMENG_CHANNEL"
200-->src\main\AndroidManifest.xml:172:13-41
201            android:value="googleplay" />
201-->src\main\AndroidManifest.xml:173:13-39
202        <!-- 友盟统计  配置  end -->
203
204        <provider
204-->src\main\AndroidManifest.xml:176:9-184:20
205            android:name="io.dcloud.common.util.DCloud_FileProvider"
205-->src\main\AndroidManifest.xml:177:13-69
206            android:authorities="io.dcloud.HelloH5.dc.fileprovider"
206-->src\main\AndroidManifest.xml:178:13-68
207            android:exported="false"
207-->src\main\AndroidManifest.xml:179:13-37
208            android:grantUriPermissions="true" >
208-->src\main\AndroidManifest.xml:180:13-47
209            <meta-data
209-->src\main\AndroidManifest.xml:181:13-183:64
210                android:name="android.support.FILE_PROVIDER_PATHS"
210-->src\main\AndroidManifest.xml:182:17-67
211                android:resource="@xml/dcloud_file_provider" />
211-->src\main\AndroidManifest.xml:183:17-61
212        </provider>
213
214        <!-- Maps(地图) begin -->
215        <!-- meta-data节点android:name="com.baidu.lbsapi.API_KEY"项中android:value值为百度地图应用的Appkey -->
216        <!-- <meta-data -->
217        <!-- android:name="com.baidu.lbsapi.API_KEY" -->
218        <!-- android:value="xlTYzzMvANnrgB8loFc2jzqSwe0mCvd7"/> -->
219        <!-- &lt;!&ndash;  &ndash;&gt; -->
220        <!-- <service -->
221        <!-- android:name="com.baidu.location.f" -->
222        <!-- android:enabled="true" -->
223        <!-- android:process=":remote"/> -->
224        <!-- Maps(地图) end -->
225        <meta-data
225-->src\main\AndroidManifest.xml:197:9-198:63
226            android:name="com.amap.api.v2.apikey"
226-->src\main\AndroidManifest.xml:197:20-57
227            android:value="4258fd75e54a4dd3ac15fea84d5ffa4c" />
227-->src\main\AndroidManifest.xml:198:13-61
228
229        <service android:name="com.amap.api.location.APSService" />
229-->src\main\AndroidManifest.xml:199:9-68
229-->src\main\AndroidManifest.xml:199:18-65
230
231        <!-- Oauth 授权登陆 start -->
232        <!-- Oauth QQ start -->
233        <!-- QQ 分享 配置和授权登陆相同 -->
234        <meta-data
234-->src\main\AndroidManifest.xml:204:9-206:42
235            android:name="QQ_APPID"
235-->src\main\AndroidManifest.xml:205:13-36
236            android:value="1104455702" />
236-->src\main\AndroidManifest.xml:206:13-39
237
238        <!-- <activity -->
239        <!-- android:name="com.tencent.tauth.AuthActivity" -->
240        <!-- android:launchMode="singleTask" -->
241        <!-- android:noHistory="true"> -->
242        <!-- <intent-filter> -->
243        <!-- <action android:name="android.intent.action.VIEW" /> -->
244
245
246        <!-- <category android:name="android.intent.category.DEFAULT" /> -->
247        <!-- <category android:name="android.intent.category.BROWSABLE" /> -->
248
249
250        <!-- <data android:scheme="1104455702" /> -->
251        <!-- </intent-filter> -->
252        <!-- </activity> -->
253        <!-- <activity -->
254        <!-- android:name="com.tencent.connect.common.AssistActivity" -->
255        <!-- android:screenOrientation="portrait" -->
256        <!-- android:theme="@android:style/Theme.Translucent.NoTitleBar" /> -->
257        <!-- Oauth QQ end -->
258
259
260        <!-- Oauth Sina start -->
261
262
263        <!-- Oauth Sina end -->
264        <!-- Oauth 授权登陆 end -->
265
266
267        <!-- Speech(语音识别)-讯飞语音 begin -->
268        <!-- 官方网站：http://open.voicecloud.cn/ -->
269        <!-- meta-data节点android:name="IFLY_APPKEY"项中android:value值为讯飞语音云网站申请的APPKEY，由于它是和libs目录下的jar包是绑定的，不要修改此值 -->
270        <meta-data
270-->src\main\AndroidManifest.xml:238:9-240:40
271            android:name="IFLY_APPKEY"
271-->src\main\AndroidManifest.xml:239:13-39
272            android:value="53feacdd" />
272-->src\main\AndroidManifest.xml:240:13-37
273        <!-- Speech(语音识别)-讯飞语音 end -->
274
275
276        <!-- Push(推送)-个推 begin -->
277        <!-- 官方网站：http://www.igetui.com/ -->
278        <!-- meta-data节点android:name="appid"项中android:value值为个推服务器上申请的APPID -->
279        <!-- meta-data节点android:name="appkey"项中android:value值为个推服务器上申请的APPKEY -->
280        <!-- meta-data节点android:name="appsecret"项中android:value值为个推服务器上申请的APPSECRET -->
281        <!-- 个推 aps配置  begin -->
282        <meta-data
282-->src\main\AndroidManifest.xml:250:9-252:54
283            android:name="PUSH_APPID"
283-->src\main\AndroidManifest.xml:251:13-38
284            android:value="pPyZWvH3Fa6PXba10aJ009" />
284-->src\main\AndroidManifest.xml:252:13-51
285        <meta-data
285-->src\main\AndroidManifest.xml:253:9-255:54
286            android:name="PUSH_APPKEY"
286-->src\main\AndroidManifest.xml:254:13-39
287            android:value="b7dOGlNPHR7pqwUxDhpTi4" />
287-->src\main\AndroidManifest.xml:255:13-51
288        <meta-data
288-->src\main\AndroidManifest.xml:256:9-258:54
289            android:name="PUSH_APPSECRET"
289-->src\main\AndroidManifest.xml:257:13-42
290            android:value="IxVYAT9qws8dlNElaTMvg1" />
290-->src\main\AndroidManifest.xml:258:13-51
291
292        <!-- <service -->
293        <!-- android:name="com.igexin.sdk.PushService" -->
294        <!-- android:exported="true" -->
295        <!-- android:label="NotificationCenter" -->
296        <!-- android:permission="" android:process=":pushservice"> -->
297        <!-- <intent-filter> -->
298        <!-- <action android:name="com.igexin.sdk.action.service.message" /> -->
299        <!-- </intent-filter> -->
300        <!-- </service> -->
301
302
303        <!-- <receiver android:name="com.igexin.sdk.PushReceiver"> -->
304        <!-- <intent-filter> -->
305        <!-- <action android:name="android.intent.action.BOOT_COMPLETED" /> -->
306        <!-- <action android:name="android.net.conn.CONNECTIVITY_CHANGE" /> -->
307        <!-- <action android:name="android.intent.action.USER_PRESENT" /> -->
308        <!-- <action android:name="com.igexin.sdk.action.refreshls" /> -->
309        <!-- <action android:name="android.intent.action.MEDIA_MOUNTED" /> -->
310        <!-- <action android:name="android.intent.action.ACTION_POWER_CONNECTED" /> -->
311        <!-- <action android:name="android.intent.action.ACTION_POWER_DISCONNECTED" /> -->
312        <!-- </intent-filter> -->
313        <!-- </receiver> -->
314
315
316        <!-- <activity -->
317        <!-- android:name="com.igexin.sdk.PushActivity" -->
318        <!-- android:excludeFromRecents="true" -->
319        <!-- android:exported="false" -->
320        <!-- android:process=":pushservice" -->
321        <!-- android:taskAffinity="com.igexin.sdk.PushActivityTask" -->
322        <!-- android:theme="@android:style/Theme.Translucent.NoTitleBar" /> -->
323        <!-- <activity -->
324        <!-- android:name="com.igexin.sdk.GActivity" -->
325        <!-- android:excludeFromRecents="true" -->
326        <!-- android:exported="true" -->
327        <!-- android:process=":pushservice" -->
328        <!-- android:taskAffinity="com.igexin.sdk.PushActivityTask" -->
329        <!-- android:theme="@android:style/Theme.Translucent.NoTitleBar" /> -->
330
331
332        <!-- <receiver android:name="io.dcloud.feature.apsGt.GTNotificationReceiver"> -->
333        <!-- <intent-filter> -->
334        <!-- <action android:name="android.intent.action.BOOT_COMPLETED" /> -->
335        <!-- <action android:name="io.dcloud.HelloH5.__CREATE_NOTIFICATION" /> -->
336        <!-- <action android:name="io.dcloud.HelloH5.__REMOVE_NOTIFICATION" /> -->
337        <!-- <action android:name="io.dcloud.HelloH5.__CLEAR_NOTIFICATION" /> -->
338        <!-- <action android:name="io.dcloud.HelloH5.__CLILK_NOTIFICATION" /> -->
339        <!-- </intent-filter> -->
340        <!-- </receiver> -->
341        <!-- <service -->
342        <!-- android:name="io.dcloud.feature.apsGt.GTNormalIntentService"/> -->
343
344
345        <!-- Push(推送)-个推  end -->
346
347
348        <!-- Share(分享) begin -->
349        <!-- Share - 新浪微博分享 -->
350        <!-- 官方网站：http://open.weibo.com/ -->
351        <meta-data
351-->src\main\AndroidManifest.xml:315:9-317:53
352            android:name="SINA_REDIRECT_URI"
352-->src\main\AndroidManifest.xml:316:13-45
353            android:value="http://www.dcloud.io/" />
353-->src\main\AndroidManifest.xml:317:13-50
354        <meta-data
354-->src\main\AndroidManifest.xml:318:9-320:64
355            android:name="SINA_SECRET"
355-->src\main\AndroidManifest.xml:319:13-39
356            android:value="b8fa3ec4b7e47a152044d9e8265cf593" />
356-->src\main\AndroidManifest.xml:320:13-61
357        <meta-data
357-->src\main\AndroidManifest.xml:321:9-323:43
358            android:name="SINA_APPKEY"
358-->src\main\AndroidManifest.xml:322:13-39
359            android:value="_3662743235" />
359-->src\main\AndroidManifest.xml:323:13-40
360        <!-- 分享 -->
361
362
363        <!-- Share - 腾讯微博分享 -->
364        <!-- 官方网站：http://dev.t.qq.com/ -->
365        <meta-data
365-->src\main\AndroidManifest.xml:329:9-331:53
366            android:name="TENCENT_REDIRECT_URI"
366-->src\main\AndroidManifest.xml:330:13-48
367            android:value="%腾讯微博开放平台申请应用配置的回调地址%" />
367-->src\main\AndroidManifest.xml:331:13-50
368        <meta-data
368-->src\main\AndroidManifest.xml:332:9-334:53
369            android:name="TENCENT_SECRET"
369-->src\main\AndroidManifest.xml:333:13-42
370            android:value="%腾讯微博开放平台申请应用的Secret%" />
370-->src\main\AndroidManifest.xml:334:13-50
371        <meta-data
371-->src\main\AndroidManifest.xml:335:9-337:65
372            android:name="TENCENT_APPKEY"
372-->src\main\AndroidManifest.xml:336:13-42
373            android:value="_%腾讯微博开放平台申请应用的Appkey，注意前面要添加下划线%" />
373-->src\main\AndroidManifest.xml:337:13-62
374
375        <!-- <activity -->
376        <!-- android:name="io.dcloud.share.tencent.WebAuthorize" -->
377        <!-- android:theme="@android:style/Theme.NoTitleBar"></activity> -->
378        <!-- 微信分享 配置begin -->
379        <meta-data
379-->src\main\AndroidManifest.xml:343:9-345:64
380            android:name="WX_SECRET"
380-->src\main\AndroidManifest.xml:344:13-37
381            android:value="1a05bab901b1206c347cf1981edac25a" />
381-->src\main\AndroidManifest.xml:345:13-61
382        <meta-data
382-->src\main\AndroidManifest.xml:346:9-348:50
383            android:name="WX_APPID"
383-->src\main\AndroidManifest.xml:347:13-36
384            android:value="wx57ee8bd987b635b0" />
384-->src\main\AndroidManifest.xml:348:13-47
385
386        <activity
386-->src\main\AndroidManifest.xml:350:9-362:20
387            android:name="com.zdbonanza.ysb.wxapi.WXEntryActivity"
387-->src\main\AndroidManifest.xml:351:13-67
388            android:exported="true"
388-->src\main\AndroidManifest.xml:352:13-36
389            android:label="@string/app_name"
389-->src\main\AndroidManifest.xml:353:13-45
390            android:launchMode="singleTop" >
390-->src\main\AndroidManifest.xml:354:13-43
391            <intent-filter>
391-->src\main\AndroidManifest.xml:355:13-361:29
392                <action android:name="android.intent.action.VIEW" />
392-->src\main\AndroidManifest.xml:356:17-69
392-->src\main\AndroidManifest.xml:356:25-66
393
394                <category android:name="android.intent.category.DEFAULT" />
394-->src\main\AndroidManifest.xml:358:17-76
394-->src\main\AndroidManifest.xml:358:27-73
395
396                <data android:scheme="wx57ee8bd987b635b0" />
396-->src\main\AndroidManifest.xml:360:17-61
396-->src\main\AndroidManifest.xml:360:23-58
397            </intent-filter>
398        </activity>
399        <!-- 微信分享 配置 end -->
400
401
402        <!-- 微信支付配置 start -->
403
404        <activity
404-->src\main\AndroidManifest.xml:367:9-379:21
405            android:name="com.zdbonanza.ysb.wxapi.WXPayEntryActivity"
405-->src\main\AndroidManifest.xml:368:13-71
406            android:enabled="true"
406-->src\main\AndroidManifest.xml:371:13-35
407            android:exported="true"
407-->src\main\AndroidManifest.xml:370:13-37
408            android:label="@string/app_name"